GROUP,PACKAGE,CLASS,INSTRUCTION_MISSED,INSTRUCTION_COVERED,BRANCH_MISSED,BRANCH_COVERED,LINE_MISSED,LINE_COVERED,COMPLEXITY_MISSED,COMPLEXITY_COVERED,METHOD_MISSED,METHOD_COVERED
Internet Shop DAO Coverage,ru.msu.internetshop.dao,OrderDao,0,313,0,38,0,67,0,31,0,12
Internet Shop DAO Coverage,ru.msu.internetshop.dao,CustomerDao,0,196,0,18,0,47,0,22,0,13
Internet Shop DAO Coverage,ru.msu.internetshop.dao,AbstractDao,1,50,0,2,1,18,0,5,0,4
Internet Shop DAO Coverage,ru.msu.internetshop.dao,ProductDao,0,526,0,52,0,110,0,48,0,22
